2022-04-19T09:28:27+00:00 CRITICAL Uncaught Error: Call to a member function get_cart() on null in C:\xampp\htdocs\ketabShop\wp-content\themes\prime\woocommerce\cart\cart.php:2
Stack trace:
#0 C:\xampp\htdocs\ketabShop\wp-content\plugins\woocommerce\includes\wc-core-functions.php(345): include()
#1 C:\xampp\htdocs\ketabShop\wp-content\plugins\woocommerce\includes\shortcodes\class-wc-shortcode-cart.php(99): wc_get_template('cart/cart.php')
#2 C:\xampp\htdocs\ketabShop\wp-content\plugins\woocommerce\includes\class-wc-shortcodes.php(72): WC_Shortcode_Cart::output(Array)
#3 C:\xampp\htdocs\ketabShop\wp-content\plugins\woocommerce\includes\class-wc-shortcodes.php(85): WC_Shortcodes::shortcode_wrapper(Array)
#4 C:\xampp\htdocs\ketabShop\wp-includes\shortcodes.php(356): WC_Shortcodes::cart('', '', 'woocommerce_car...')
#5 [internal function]: do_shortcode_tag(Array)
#6 C:\xampp\htdocs\ketabShop\wp-includes\shortcodes.php(228): preg_replace_callback('/\\[(\\[?)(woocom...', 'do_shortcode_ta...', '[woocommerce_ca...')
#7 C:\xampp\htdocs\ketabShop\wp-includes\class-wp-hook.php(307): do_shortcode('[woocommerce_ca...')
#8 C:\xampp\htdocs\ketabShop\wp-includes\plugin.php(189): WP_Hook->apply_filters('[woocommerce_ca...', Array)
#9 C:\xampp\htdocs\ketabShop\wp-includes\post-template.php(253): apply_filters('the_content', '[woocommerce_ca...')
#10 C:\xampp\htdocs\ketabShop\wp-content\themes\prime\page.php(9): the_content()
#11 C:\xampp\htdocs\ketabShop\wp-includes\template-loader.php(106): include('C:\\xampp\\htdocs...')
#12 C:\xampp\htdocs\ketabShop\wp-blog-header.php(19): require_once('C:\\xampp\\htdocs...')
#13 C:\xampp\htdocs\ketabShop\index.php(17): require('C:\\xampp\\htdocs...')
#14 {main}
  thrown در C:\xampp\htdocs\ketabShop\wp-content\themes\prime\woocommerce\cart\cart.php روی خط 2

2022-04-19T09:48:28+00:00 CRITICAL Uncaught TypeError: number_format(): Argument #1 ($num) must be of type float, string given in C:\xampp\htdocs\ketabShop\wp-content\themes\prime\woocommerce\cart\cart.php:61
Stack trace:
#0 C:\xampp\htdocs\ketabShop\wp-content\themes\prime\woocommerce\cart\cart.php(61): number_format('\xDB\xB3')
#1 C:\xampp\htdocs\ketabShop\wp-content\plugins\woocommerce\includes\wc-core-functions.php(345): include('C:\\xampp\\htdocs...')
#2 C:\xampp\htdocs\ketabShop\wp-content\plugins\woocommerce\includes\shortcodes\class-wc-shortcode-cart.php(99): wc_get_template('cart/cart.php')
#3 C:\xampp\htdocs\ketabShop\wp-content\plugins\woocommerce\includes\class-wc-shortcodes.php(72): WC_Shortcode_Cart::output(Array)
#4 C:\xampp\htdocs\ketabShop\wp-content\plugins\woocommerce\includes\class-wc-shortcodes.php(85): WC_Shortcodes::shortcode_wrapper(Array)
#5 C:\xampp\htdocs\ketabShop\wp-includes\shortcodes.php(356): WC_Shortcodes::cart('', '', 'woocommerce_car...')
#6 [internal function]: do_shortcode_tag(Array)
#7 C:\xampp\htdocs\ketabShop\wp-includes\shortcodes.php(228): preg_replace_callback('/\\[(\\[?)(woocom...', 'do_shortcode_ta...', '[woocommerce_ca...')
#8 C:\xampp\htdocs\ketabShop\wp-includes\class-wp-hook.php(307): do_shortcode('[woocommerce_ca...')
#9 C:\xampp\htdocs\ketabShop\wp-includes\plugin.php(189): WP_Hook->apply_filters('[woocommerce_ca...', Array)
#10 C:\xampp\htdocs\ketabShop\wp-includes\post-template.php(253): apply_filters('the_content', '[woocommerce_ca...')
#11 C:\xampp\htdocs\ketabShop\wp-content\themes\prime\page.php(9): the_content()
#12 C:\xampp\htdocs\ketabShop\wp-includes\template-loader.php(106): include('C:\\xampp\\htdocs...')
#13 C:\xampp\htdocs\ketabShop\wp-blog-header.php(19): require_once('C:\\xampp\\htdocs...')
#14 C:\xampp\htdocs\ketabShop\index.php(17): require('C:\\xampp\\htdocs...')
#15 {main}
  thrown در C:\xampp\htdocs\ketabShop\wp-content\themes\prime\woocommerce\cart\cart.php روی خط 61

2022-04-19T09:49:17+00:00 CRITICAL Uncaught TypeError: number_format(): Argument #1 ($num) must be of type float, string given in C:\xampp\htdocs\ketabShop\wp-content\themes\prime\woocommerce\cart\cart.php:63
Stack trace:
#0 C:\xampp\htdocs\ketabShop\wp-content\themes\prime\woocommerce\cart\cart.php(63): number_format('<span class="wo...')
#1 C:\xampp\htdocs\ketabShop\wp-content\plugins\woocommerce\includes\wc-core-functions.php(345): include('C:\\xampp\\htdocs...')
#2 C:\xampp\htdocs\ketabShop\wp-content\plugins\woocommerce\includes\shortcodes\class-wc-shortcode-cart.php(99): wc_get_template('cart/cart.php')
#3 C:\xampp\htdocs\ketabShop\wp-content\plugins\woocommerce\includes\class-wc-shortcodes.php(72): WC_Shortcode_Cart::output(Array)
#4 C:\xampp\htdocs\ketabShop\wp-content\plugins\woocommerce\includes\class-wc-shortcodes.php(85): WC_Shortcodes::shortcode_wrapper(Array)
#5 C:\xampp\htdocs\ketabShop\wp-includes\shortcodes.php(356): WC_Shortcodes::cart('', '', 'woocommerce_car...')
#6 [internal function]: do_shortcode_tag(Array)
#7 C:\xampp\htdocs\ketabShop\wp-includes\shortcodes.php(228): preg_replace_callback('/\\[(\\[?)(woocom...', 'do_shortcode_ta...', '[woocommerce_ca...')
#8 C:\xampp\htdocs\ketabShop\wp-includes\class-wp-hook.php(307): do_shortcode('[woocommerce_ca...')
#9 C:\xampp\htdocs\ketabShop\wp-includes\plugin.php(189): WP_Hook->apply_filters('[woocommerce_ca...', Array)
#10 C:\xampp\htdocs\ketabShop\wp-includes\post-template.php(253): apply_filters('the_content', '[woocommerce_ca...')
#11 C:\xampp\htdocs\ketabShop\wp-content\themes\prime\page.php(9): the_content()
#12 C:\xampp\htdocs\ketabShop\wp-includes\template-loader.php(106): include('C:\\xampp\\htdocs...')
#13 C:\xampp\htdocs\ketabShop\wp-blog-header.php(19): require_once('C:\\xampp\\htdocs...')
#14 C:\xampp\htdocs\ketabShop\index.php(17): require('C:\\xampp\\htdocs...')
#15 {main}
  thrown در C:\xampp\htdocs\ketabShop\wp-content\themes\prime\woocommerce\cart\cart.php روی خط 63

2022-04-19T10:45:37+00:00 CRITICAL Uncaught Error: Call to undefined function get_customer() in C:\xampp\htdocs\ketabShop\wp-content\themes\prime\woocommerce\cart\cart.php:44
Stack trace:
#0 C:\xampp\htdocs\ketabShop\wp-content\plugins\woocommerce\includes\wc-core-functions.php(345): include()
#1 C:\xampp\htdocs\ketabShop\wp-content\plugins\woocommerce\includes\shortcodes\class-wc-shortcode-cart.php(99): wc_get_template('cart/cart.php')
#2 C:\xampp\htdocs\ketabShop\wp-content\plugins\woocommerce\includes\class-wc-shortcodes.php(72): WC_Shortcode_Cart::output(Array)
#3 C:\xampp\htdocs\ketabShop\wp-content\plugins\woocommerce\includes\class-wc-shortcodes.php(85): WC_Shortcodes::shortcode_wrapper(Array)
#4 C:\xampp\htdocs\ketabShop\wp-includes\shortcodes.php(356): WC_Shortcodes::cart('', '', 'woocommerce_car...')
#5 [internal function]: do_shortcode_tag(Array)
#6 C:\xampp\htdocs\ketabShop\wp-includes\shortcodes.php(228): preg_replace_callback('/\\[(\\[?)(woocom...', 'do_shortcode_ta...', '[woocommerce_ca...')
#7 C:\xampp\htdocs\ketabShop\wp-includes\class-wp-hook.php(307): do_shortcode('[woocommerce_ca...')
#8 C:\xampp\htdocs\ketabShop\wp-includes\plugin.php(189): WP_Hook->apply_filters('[woocommerce_ca...', Array)
#9 C:\xampp\htdocs\ketabShop\wp-includes\post-template.php(253): apply_filters('the_content', '[woocommerce_ca...')
#10 C:\xampp\htdocs\ketabShop\wp-content\themes\prime\page.php(9): the_content()
#11 C:\xampp\htdocs\ketabShop\wp-includes\template-loader.php(106): include('C:\\xampp\\htdocs...')
#12 C:\xampp\htdocs\ketabShop\wp-blog-header.php(19): require_once('C:\\xampp\\htdocs...')
#13 C:\xampp\htdocs\ketabShop\index.php(17): require('C:\\xampp\\htdocs...')
#14 {main}
  thrown در C:\xampp\htdocs\ketabShop\wp-content\themes\prime\woocommerce\cart\cart.php روی خط 44

2022-04-19T10:52:34+00:00 CRITICAL Uncaught Error: Call to undefined method WC_Product_Simple::get_remove_url() in C:\xampp\htdocs\ketabShop\wp-content\themes\prime\woocommerce\cart\cart.php:66
Stack trace:
#0 C:\xampp\htdocs\ketabShop\wp-content\plugins\woocommerce\includes\wc-core-functions.php(345): include()
#1 C:\xampp\htdocs\ketabShop\wp-content\plugins\woocommerce\includes\shortcodes\class-wc-shortcode-cart.php(99): wc_get_template('cart/cart.php')
#2 C:\xampp\htdocs\ketabShop\wp-content\plugins\woocommerce\includes\class-wc-shortcodes.php(72): WC_Shortcode_Cart::output(Array)
#3 C:\xampp\htdocs\ketabShop\wp-content\plugins\woocommerce\includes\class-wc-shortcodes.php(85): WC_Shortcodes::shortcode_wrapper(Array)
#4 C:\xampp\htdocs\ketabShop\wp-includes\shortcodes.php(356): WC_Shortcodes::cart('', '', 'woocommerce_car...')
#5 [internal function]: do_shortcode_tag(Array)
#6 C:\xampp\htdocs\ketabShop\wp-includes\shortcodes.php(228): preg_replace_callback('/\\[(\\[?)(woocom...', 'do_shortcode_ta...', '[woocommerce_ca...')
#7 C:\xampp\htdocs\ketabShop\wp-includes\class-wp-hook.php(307): do_shortcode('[woocommerce_ca...')
#8 C:\xampp\htdocs\ketabShop\wp-includes\plugin.php(189): WP_Hook->apply_filters('[woocommerce_ca...', Array)
#9 C:\xampp\htdocs\ketabShop\wp-includes\post-template.php(253): apply_filters('the_content', '[woocommerce_ca...')
#10 C:\xampp\htdocs\ketabShop\wp-content\themes\prime\page.php(9): the_content()
#11 C:\xampp\htdocs\ketabShop\wp-includes\template-loader.php(106): include('C:\\xampp\\htdocs...')
#12 C:\xampp\htdocs\ketabShop\wp-blog-header.php(19): require_once('C:\\xampp\\htdocs...')
#13 C:\xampp\htdocs\ketabShop\index.php(17): require('C:\\xampp\\htdocs...')
#14 {main}
  thrown در C:\xampp\htdocs\ketabShop\wp-content\themes\prime\woocommerce\cart\cart.php روی خط 66

2022-04-19T10:54:09+00:00 CRITICAL syntax error, unexpected variable "$remove_url" در C:\xampp\htdocs\ketabShop\wp-content\themes\prime\woocommerce\cart\cart.php روی خط 80

2022-04-19T11:13:39+00:00 CRITICAL Uncaught Error: Call to undefined function helper_isset_not_null() in C:\xampp\htdocs\ketabShop\wp-content\themes\prime\header.php:12
Stack trace:
#0 C:\xampp\htdocs\ketabShop\wp-includes\template.php(770): require_once()
#1 C:\xampp\htdocs\ketabShop\wp-includes\template.php(716): load_template('C:\\xampp\\htdocs...', true, Array)
#2 C:\xampp\htdocs\ketabShop\wp-includes\general-template.php(48): locate_template(Array, true, true, Array)
#3 C:\xampp\htdocs\ketabShop\wp-content\themes\prime\woocommerce\single-product.php(2): get_header()
#4 C:\xampp\htdocs\ketabShop\wp-includes\template-loader.php(106): include('C:\\xampp\\htdocs...')
#5 C:\xampp\htdocs\ketabShop\wp-blog-header.php(19): require_once('C:\\xampp\\htdocs...')
#6 C:\xampp\htdocs\ketabShop\index.php(17): require('C:\\xampp\\htdocs...')
#7 {main}
  thrown در C:\xampp\htdocs\ketabShop\wp-content\themes\prime\header.php روی خط 12

2022-04-19T11:13:58+00:00 CRITICAL Uncaught Error: Call to undefined function helper_isset_not_null() in C:\xampp\htdocs\ketabShop\wp-content\themes\prime\header.php:12
Stack trace:
#0 C:\xampp\htdocs\ketabShop\wp-includes\template.php(770): require_once()
#1 C:\xampp\htdocs\ketabShop\wp-includes\template.php(716): load_template('C:\\xampp\\htdocs...', true, Array)
#2 C:\xampp\htdocs\ketabShop\wp-includes\general-template.php(48): locate_template(Array, true, true, Array)
#3 C:\xampp\htdocs\ketabShop\wp-content\themes\prime\woocommerce\single-product.php(2): get_header()
#4 C:\xampp\htdocs\ketabShop\wp-includes\template-loader.php(106): include('C:\\xampp\\htdocs...')
#5 C:\xampp\htdocs\ketabShop\wp-blog-header.php(19): require_once('C:\\xampp\\htdocs...')
#6 C:\xampp\htdocs\ketabShop\index.php(17): require('C:\\xampp\\htdocs...')
#7 {main}
  thrown در C:\xampp\htdocs\ketabShop\wp-content\themes\prime\header.php روی خط 12

2022-04-19T11:17:31+00:00 CRITICAL Uncaught Error: Call to undefined function helper_isset_not_null() in C:\xampp\htdocs\ketabShop\wp-content\themes\prime\footer.php:47
Stack trace:
#0 C:\xampp\htdocs\ketabShop\wp-includes\template.php(770): require_once()
#1 C:\xampp\htdocs\ketabShop\wp-includes\template.php(716): load_template('C:\\xampp\\htdocs...', true, Array)
#2 C:\xampp\htdocs\ketabShop\wp-includes\general-template.php(92): locate_template(Array, true, true, Array)
#3 C:\xampp\htdocs\ketabShop\wp-content\themes\prime\woocommerce\single-product.php(87): get_footer()
#4 C:\xampp\htdocs\ketabShop\wp-includes\template-loader.php(106): include('C:\\xampp\\htdocs...')
#5 C:\xampp\htdocs\ketabShop\wp-blog-header.php(19): require_once('C:\\xampp\\htdocs...')
#6 C:\xampp\htdocs\ketabShop\index.php(17): require('C:\\xampp\\htdocs...')
#7 {main}
  thrown در C:\xampp\htdocs\ketabShop\wp-content\themes\prime\footer.php روی خط 47

2022-04-19T16:10:05+00:00 CRITICAL Uncaught TypeError: number_format(): Argument #1 ($num) must be of type float, string given in C:\xampp\htdocs\ketabShop\wp-content\themes\prime\woocommerce\cart\cart.php:88
Stack trace:
#0 C:\xampp\htdocs\ketabShop\wp-content\themes\prime\woocommerce\cart\cart.php(88): number_format('<span class="wo...')
#1 C:\xampp\htdocs\ketabShop\wp-content\plugins\woocommerce\includes\wc-core-functions.php(345): include('C:\\xampp\\htdocs...')
#2 C:\xampp\htdocs\ketabShop\wp-content\plugins\woocommerce\includes\shortcodes\class-wc-shortcode-cart.php(99): wc_get_template('cart/cart.php')
#3 C:\xampp\htdocs\ketabShop\wp-content\plugins\woocommerce\includes\class-wc-shortcodes.php(72): WC_Shortcode_Cart::output(Array)
#4 C:\xampp\htdocs\ketabShop\wp-content\plugins\woocommerce\includes\class-wc-shortcodes.php(85): WC_Shortcodes::shortcode_wrapper(Array)
#5 C:\xampp\htdocs\ketabShop\wp-includes\shortcodes.php(356): WC_Shortcodes::cart('', '', 'woocommerce_car...')
#6 [internal function]: do_shortcode_tag(Array)
#7 C:\xampp\htdocs\ketabShop\wp-includes\shortcodes.php(228): preg_replace_callback('/\\[(\\[?)(woocom...', 'do_shortcode_ta...', '[woocommerce_ca...')
#8 C:\xampp\htdocs\ketabShop\wp-includes\class-wp-hook.php(307): do_shortcode('[woocommerce_ca...')
#9 C:\xampp\htdocs\ketabShop\wp-includes\plugin.php(189): WP_Hook->apply_filters('[woocommerce_ca...', Array)
#10 C:\xampp\htdocs\ketabShop\wp-includes\post-template.php(253): apply_filters('the_content', '[woocommerce_ca...')
#11 C:\xampp\htdocs\ketabShop\wp-content\themes\prime\page.php(9): the_content()
#12 C:\xampp\htdocs\ketabShop\wp-includes\template-loader.php(106): include('C:\\xampp\\htdocs...')
#13 C:\xampp\htdocs\ketabShop\wp-blog-header.php(19): require_once('C:\\xampp\\htdocs...')
#14 C:\xampp\htdocs\ketabShop\index.php(17): require('C:\\xampp\\htdocs...')
#15 {main}
  thrown در C:\xampp\htdocs\ketabShop\wp-content\themes\prime\woocommerce\cart\cart.php روی خط 88

2022-04-19T16:11:52+00:00 CRITICAL Uncaught TypeError: number_format(): Argument #1 ($num) must be of type float, string given in C:\xampp\htdocs\ketabShop\wp-content\themes\prime\woocommerce\cart\cart.php:88
Stack trace:
#0 C:\xampp\htdocs\ketabShop\wp-content\themes\prime\woocommerce\cart\cart.php(88): number_format('<span class="wo...')
#1 C:\xampp\htdocs\ketabShop\wp-content\plugins\woocommerce\includes\wc-core-functions.php(345): include('C:\\xampp\\htdocs...')
#2 C:\xampp\htdocs\ketabShop\wp-content\plugins\woocommerce\includes\shortcodes\class-wc-shortcode-cart.php(99): wc_get_template('cart/cart.php')
#3 C:\xampp\htdocs\ketabShop\wp-content\plugins\woocommerce\includes\class-wc-shortcodes.php(72): WC_Shortcode_Cart::output(Array)
#4 C:\xampp\htdocs\ketabShop\wp-content\plugins\woocommerce\includes\class-wc-shortcodes.php(85): WC_Shortcodes::shortcode_wrapper(Array)
#5 C:\xampp\htdocs\ketabShop\wp-includes\shortcodes.php(356): WC_Shortcodes::cart('', '', 'woocommerce_car...')
#6 [internal function]: do_shortcode_tag(Array)
#7 C:\xampp\htdocs\ketabShop\wp-includes\shortcodes.php(228): preg_replace_callback('/\\[(\\[?)(woocom...', 'do_shortcode_ta...', '[woocommerce_ca...')
#8 C:\xampp\htdocs\ketabShop\wp-includes\class-wp-hook.php(307): do_shortcode('[woocommerce_ca...')
#9 C:\xampp\htdocs\ketabShop\wp-includes\plugin.php(189): WP_Hook->apply_filters('[woocommerce_ca...', Array)
#10 C:\xampp\htdocs\ketabShop\wp-includes\post-template.php(253): apply_filters('the_content', '[woocommerce_ca...')
#11 C:\xampp\htdocs\ketabShop\wp-content\themes\prime\page.php(9): the_content()
#12 C:\xampp\htdocs\ketabShop\wp-includes\template-loader.php(106): include('C:\\xampp\\htdocs...')
#13 C:\xampp\htdocs\ketabShop\wp-blog-header.php(19): require_once('C:\\xampp\\htdocs...')
#14 C:\xampp\htdocs\ketabShop\index.php(17): require('C:\\xampp\\htdocs...')
#15 {main}
  thrown در C:\xampp\htdocs\ketabShop\wp-content\themes\prime\woocommerce\cart\cart.php روی خط 88

2022-04-19T16:15:58+00:00 CRITICAL syntax error, unexpected token "<", expecting "elseif" or "else" or "endif" در C:\xampp\htdocs\ketabShop\wp-content\themes\prime\woocommerce\cart\cart.php روی خط 91

